2018-07-18 20:37:45,195 CRIT Supervisor is running as root.  Privileges were not dropped because no user is specified in the config file.  If you intend to run as root, you can set user=root in the config file to avoid this message.
2018-07-18 20:37:45,198 INFO supervisord started with pid 1
2018-07-18 20:37:46,201 INFO spawned: 'nginx' with pid 8
2018-07-18 20:37:46,203 INFO spawned: 'php-fpm' with pid 9
2018-07-18 20:37:47,238 INFO success: nginx entered RUNNING state, process has stayed up for > than 1 seconds (startsecs)
2018-07-18 20:37:47,239 INFO success: php-fpm entered RUNNING state, process has stayed up for > than 1 seconds (startsecs)
2018-07-18 20:41:43,817 CRIT Supervisor is running as root.  Privileges were not dropped because no user is specified in the config file.  If you intend to run as root, you can set user=root in the config file to avoid this message.
2018-07-18 20:41:43,821 INFO supervisord started with pid 1
2018-07-18 20:41:44,826 INFO spawned: 'nginx' with pid 8
2018-07-18 20:41:44,828 INFO spawned: 'php-fpm' with pid 9
2018-07-18 20:41:45,859 INFO success: nginx entered RUNNING state, process has stayed up for > than 1 seconds (startsecs)
2018-07-18 20:41:45,860 INFO success: php-fpm entered RUNNING state, process has stayed up for > than 1 seconds (startsecs)
2018-07-18 20:48:08,498 WARN received SIGTERM indicating exit request
2018-07-18 20:48:08,501 INFO waiting for nginx, php-fpm to die
2018-07-18 20:48:08,501 INFO stopped: php-fpm (exit status 0)
2018-07-18 20:48:08,611 INFO stopped: nginx (exit status 0)
2018-07-18 20:48:15,542 CRIT Supervisor is running as root.  Privileges were not dropped because no user is specified in the config file.  If you intend to run as root, you can set user=root in the config file to avoid this message.
2018-07-18 20:48:15,546 INFO supervisord started with pid 1
2018-07-18 20:48:16,554 INFO spawned: 'nginx' with pid 8
2018-07-18 20:48:16,556 INFO spawned: 'php-fpm' with pid 9
2018-07-18 20:48:17,588 INFO success: nginx entered RUNNING state, process has stayed up for > than 1 seconds (startsecs)
2018-07-18 20:48:17,589 INFO success: php-fpm entered RUNNING state, process has stayed up for > than 1 seconds (startsecs)
2018-07-18 20:52:10,656 WARN received SIGTERM indicating exit request
2018-07-18 20:52:10,657 INFO waiting for nginx, php-fpm to die
2018-07-18 20:52:10,660 INFO stopped: php-fpm (exit status 0)
2018-07-18 20:52:10,760 INFO stopped: nginx (exit status 0)
2018-07-18 20:52:13,137 CRIT Supervisor is running as root.  Privileges were not dropped because no user is specified in the config file.  If you intend to run as root, you can set user=root in the config file to avoid this message.
2018-07-18 20:52:13,141 INFO supervisord started with pid 1
2018-07-18 20:52:14,145 INFO spawned: 'nginx' with pid 8
2018-07-18 20:52:14,148 INFO spawned: 'php-fpm' with pid 9
2018-07-18 20:52:15,188 INFO success: nginx entered RUNNING state, process has stayed up for > than 1 seconds (startsecs)
2018-07-18 20:52:15,189 INFO success: php-fpm entered RUNNING state, process has stayed up for > than 1 seconds (startsecs)
2018-07-18 20:57:01,994 WARN received SIGTERM indicating exit request
2018-07-18 20:57:01,995 INFO waiting for nginx, php-fpm to die
2018-07-18 20:57:01,997 INFO stopped: php-fpm (exit status 0)
2018-07-18 20:57:02,090 INFO stopped: nginx (exit status 0)
2018-07-18 21:01:47,945 CRIT Supervisor is running as root.  Privileges were not dropped because no user is specified in the config file.  If you intend to run as root, you can set user=root in the config file to avoid this message.
2018-07-18 21:01:47,948 INFO supervisord started with pid 1
2018-07-18 21:01:48,950 INFO spawned: 'nginx' with pid 7
2018-07-18 21:01:48,953 INFO spawned: 'php-fpm' with pid 8
2018-07-18 21:01:50,025 INFO success: nginx entered RUNNING state, process has stayed up for > than 1 seconds (startsecs)
2018-07-18 21:01:50,025 INFO success: php-fpm entered RUNNING state, process has stayed up for > than 1 seconds (startsecs)
2018-07-18 21:35:59,955 WARN received SIGTERM indicating exit request
2018-07-18 21:35:59,955 INFO waiting for nginx, php-fpm to die
2018-07-18 21:35:59,959 INFO stopped: php-fpm (exit status 0)
2018-07-18 21:36:00,041 INFO stopped: nginx (exit status 0)
2018-07-18 21:36:18,280 CRIT Supervisor is running as root.  Privileges were not dropped because no user is specified in the config file.  If you intend to run as root, you can set user=root in the config file to avoid this message.
2018-07-18 21:36:18,282 INFO supervisord started with pid 1
2018-07-18 21:36:19,285 INFO spawned: 'nginx' with pid 8
2018-07-18 21:36:19,286 INFO spawned: 'php-fpm' with pid 9
2018-07-18 21:36:20,317 INFO success: nginx entered RUNNING state, process has stayed up for > than 1 seconds (startsecs)
2018-07-18 21:36:20,318 INFO success: php-fpm entered RUNNING state, process has stayed up for > than 1 seconds (startsecs)
2018-07-18 23:14:33,138 WARN received SIGTERM indicating exit request
2018-07-18 23:14:33,144 INFO waiting for nginx, php-fpm to die
2018-07-18 23:14:33,147 INFO stopped: php-fpm (exit status 0)
2018-07-18 23:14:33,229 INFO stopped: nginx (exit status 0)
2018-07-18 23:15:18,450 CRIT Supervisor is running as root.  Privileges were not dropped because no user is specified in the config file.  If you intend to run as root, you can set user=root in the config file to avoid this message.
2018-07-18 23:15:18,453 INFO supervisord started with pid 1
2018-07-18 23:15:19,456 INFO spawned: 'nginx' with pid 8
2018-07-18 23:15:19,459 INFO spawned: 'php-fpm' with pid 9
2018-07-18 23:15:20,490 INFO success: nginx entered RUNNING state, process has stayed up for > than 1 seconds (startsecs)
2018-07-18 23:15:20,491 INFO success: php-fpm entered RUNNING state, process has stayed up for > than 1 seconds (startsecs)
2018-07-18 23:16:15,600 WARN received SIGTERM indicating exit request
2018-07-18 23:16:15,601 INFO waiting for nginx, php-fpm to die
2018-07-18 23:16:15,604 INFO stopped: php-fpm (exit status 0)
2018-07-18 23:16:15,700 INFO stopped: nginx (exit status 0)
2018-07-18 23:16:49,941 CRIT Supervisor is running as root.  Privileges were not dropped because no user is specified in the config file.  If you intend to run as root, you can set user=root in the config file to avoid this message.
2018-07-18 23:16:49,948 INFO supervisord started with pid 1
2018-07-18 23:16:50,950 INFO spawned: 'nginx' with pid 8
2018-07-18 23:16:50,953 INFO spawned: 'php-fpm' with pid 9
2018-07-18 23:16:52,080 INFO success: nginx entered RUNNING state, process has stayed up for > than 1 seconds (startsecs)
2018-07-18 23:16:52,081 INFO success: php-fpm entered RUNNING state, process has stayed up for > than 1 seconds (startsecs)
2018-07-18 23:20:45,154 WARN received SIGTERM indicating exit request
2018-07-18 23:20:45,155 INFO waiting for nginx, php-fpm to die
2018-07-18 23:20:45,159 INFO stopped: php-fpm (exit status 0)
2018-07-18 23:20:45,260 INFO stopped: nginx (exit status 0)
2018-07-18 23:21:05,273 CRIT Supervisor is running as root.  Privileges were not dropped because no user is specified in the config file.  If you intend to run as root, you can set user=root in the config file to avoid this message.
2018-07-18 23:21:05,276 INFO supervisord started with pid 1
2018-07-18 23:21:06,280 INFO spawned: 'nginx' with pid 8
2018-07-18 23:21:06,283 INFO spawned: 'php-fpm' with pid 9
2018-07-18 23:21:07,325 INFO success: nginx entered RUNNING state, process has stayed up for > than 1 seconds (startsecs)
2018-07-18 23:21:07,326 INFO success: php-fpm entered RUNNING state, process has stayed up for > than 1 seconds (startsecs)
2018-07-18 23:22:16,860 WARN received SIGTERM indicating exit request
2018-07-18 23:22:16,867 INFO waiting for nginx, php-fpm to die
2018-07-18 23:22:16,869 INFO stopped: php-fpm (exit status 0)
2018-07-18 23:22:16,962 INFO stopped: nginx (exit status 0)
